TN:
SF:src\app.js
FN:35,(anonymous_0)
FN:44,(anonymous_1)
FN:49,(anonymous_2)
FNF:3
FNH:0
FNDA:0,(anonymous_0)
FNDA:0,(anonymous_1)
FNDA:0,(anonymous_2)
DA:4,1
DA:5,1
DA:6,1
DA:7,1
DA:8,1
DA:10,1
DA:15,1
DA:18,1
DA:21,1
DA:22,1
DA:25,1
DA:31,1
DA:35,1
DA:36,0
DA:39,1
DA:44,1
DA:45,0
DA:49,1
DA:50,0
DA:51,0
DA:54,1
LF:21
LH:17
BRF:0
BRH:0
end_of_record
TN:
SF:src\api\controllers\complaintController.js
FN:20,(anonymous_0)
FN:52,(anonymous_1)
FN:64,(anonymous_2)
FN:85,(anonymous_3)
FN:109,(anonymous_4)
FNF:5
FNH:4
FNDA:2,(anonymous_0)
FNDA:1,(anonymous_1)
FNDA:0,(anonymous_2)
FNDA:1,(anonymous_3)
FNDA:1,(anonymous_4)
DA:4,1
DA:5,1
DA:9,1
DA:20,1
DA:21,2
DA:23,2
DA:24,2
DA:25,0
DA:29,2
DA:30,1
DA:34,1
DA:39,1
DA:42,1
DA:47,0
DA:52,1
DA:53,1
DA:54,1
DA:55,1
DA:56,1
DA:57,1
DA:59,0
DA:64,1
DA:65,0
DA:66,0
DA:67,0
DA:69,0
DA:70,0
DA:74,0
DA:75,0
DA:78,0
DA:80,0
DA:85,1
DA:86,1
DA:87,1
DA:88,1
DA:91,1
DA:92,1
DA:93,0
DA:96,1
DA:98,1
DA:99,0
DA:102,1
DA:104,0
DA:109,1
DA:110,1
DA:111,1
DA:113,1
DA:115,1
DA:116,0
DA:119,1
DA:121,1
DA:122,0
DA:125,1
DA:130,0
LF:54
LH:36
BRDA:24,0,0,0
BRDA:24,0,1,2
BRDA:29,1,0,1
BRDA:29,1,1,1
BRDA:54,2,0,1
BRDA:54,2,1,1
BRDA:55,3,0,1
BRDA:55,3,1,1
BRDA:69,4,0,0
BRDA:69,4,1,0
BRDA:74,5,0,0
BRDA:74,5,1,0
BRDA:92,6,0,0
BRDA:92,6,1,1
BRDA:92,7,0,1
BRDA:92,7,1,1
BRDA:98,8,0,0
BRDA:98,8,1,1
BRDA:115,9,0,0
BRDA:115,9,1,1
BRDA:121,10,0,0
BRDA:121,10,1,1
BRDA:121,11,0,1
BRDA:121,11,1,1
BRDA:126,12,0,1
BRDA:126,12,1,1
BRF:26
BRH:17
end_of_record
TN:
SF:src\api\middlewares\upload.js
FN:10,(anonymous_0)
FNF:1
FNH:1
FNDA:1,(anonymous_0)
DA:4,1
DA:7,1
DA:10,1
DA:11,1
DA:12,1
DA:14,0
DA:18,1
DA:26,1
LF:8
LH:7
BRDA:11,0,0,1
BRDA:11,0,1,0
BRF:2
BRH:1
end_of_record
TN:
SF:src\api\routes\complaints.js
FNF:0
FNH:0
DA:4,1
DA:5,1
DA:6,1
DA:7,1
DA:10,1
DA:13,1
DA:16,1
DA:19,1
DA:22,1
DA:25,1
LF:10
LH:10
BRF:0
BRH:0
end_of_record
TN:
SF:src\config\db.js
FNF:0
FNH:0
DA:4,1
DA:5,1
DA:9,1
DA:20,1
LF:4
LH:4
BRF:0
BRH:0
end_of_record
TN:
SF:src\models\complaintModel.js
FN:7,(anonymous_0)
FN:14,(anonymous_1)
FN:27,(anonymous_2)
FN:34,(anonymous_3)
FN:41,(anonymous_4)
FNF:5
FNH:4
FNDA:1,(anonymous_0)
FNDA:1,(anonymous_1)
FNDA:0,(anonymous_2)
FNDA:1,(anonymous_3)
FNDA:1,(anonymous_4)
DA:4,1
DA:7,1
DA:8,1
DA:9,1
DA:10,1
DA:14,1
DA:15,1
DA:16,1
DA:22,1
DA:23,1
DA:27,1
DA:28,0
DA:29,0
DA:30,0
DA:34,1
DA:35,1
DA:36,1
DA:37,1
DA:41,1
DA:42,1
DA:43,1
DA:45,1
DA:47,1
DA:48,1
DA:50,0
DA:51,0
DA:55,1
DA:58,1
DA:60,1
DA:61,1
DA:63,0
DA:64,0
DA:66,1
LF:33
LH:26
BRDA:14,0,0,0
BRDA:14,1,0,0
BRDA:48,2,0,0
BRDA:48,2,1,1
BRF:4
BRH:1
end_of_record
